.android/plugins_build_output/local_auth_android/intermediates/manifest_merge_blame_file/release/manifest-merger-blame-release-report.txt
1<?xml version="1.0" encoding="utf-8"?>
2<manifest xmlns:android="http://schemas.android.com/apk/res/android"
3    package="io.flutter.plugins.localauth" >
4
5    <uses-sdk
6        android:minSdkVersion="19"
6-->src/main/AndroidManifest.xml
7        android:targetSdkVersion="19" />
7-->src/main/AndroidManifest.xml
8
9    <uses-permission android:name="android.permission.USE_BIOMETRIC" />
9-->src/main/AndroidManifest.xml:3:5-72
9-->src/main/AndroidManifest.xml:3:22-69
10
11</manifest>